<?xml version="1.0" encoding="UTF-8"?>
<!-- Generated by org.testng.reporters.JUnitReportReporter -->
<testsuite hostname="DESKTOP-PGPGNDP" failures="0" tests="3" name="com.empirem.qa.testcases.LoginPageTest" time="30.659" errors="0" timestamp="2023-12-04T23:21:24 IST" skipped="0">
  <testcase classname="com.empirem.qa.testcases.LoginPageTest" name="verifyEphomeimageTest" time="8.498"/>
  <testcase classname="com.empirem.qa.testcases.LoginPageTest" name="verifyLoginPageTest" time="14.829"/>
  <testcase classname="com.empirem.qa.testcases.LoginPageTest" name="verifyEphomeTitletest" time="7.332"/>
</testsuite> <!-- com.empirem.qa.testcases.LoginPageTest -->
