<?xml version="1.0" encoding="UTF-8"?>
<!-- Generated by org.testng.reporters.JUnitReportReporter -->
<testsuite hostname="DESKTOP-R0E149I" failures="0" tests="2" name="com.empirem.qa.testcases.HomePageTest" time="30.083" errors="0" timestamp="2023-11-06T12:20:18 IST" skipped="0">
  <testcase classname="com.empirem.qa.testcases.HomePageTest" name="VerifyEphomepageTitleTest" time="11.735"/>
  <system-out/>
  <testcase classname="com.empirem.qa.testcases.HomePageTest" name="verifyhomepageTest" time="18.348"/>
  <system-out/>
</testsuite> <!-- com.empirem.qa.testcases.HomePageTest -->
