<?xml version="1.0" encoding="UTF-8"?>
<!-- Generated by org.testng.reporters.JUnitReportReporter -->
<testsuite hostname="DESKTOP-R0E149I" failures="0" tests="2" name="com.empirem.qa.testcases.LocationPageTest" time="32.986" errors="0" timestamp="2023-11-07T10:04:16 IST" skipped="0">
  <testcase classname="com.empirem.qa.testcases.LocationPageTest" name="VerifyLocationPageTest" time="17.559"/>
  <system-out/>
  <testcase classname="com.empirem.qa.testcases.LocationPageTest" name="verifyLocationPageTitleTest" time="15.427"/>
  <system-out/>
</testsuite> <!-- com.empirem.qa.testcases.LocationPageTest -->
