<?xml version="1.0" encoding="UTF-8"?>
<!-- Generated by org.testng.reporters.JUnitReportReporter -->
<testsuite hostname="DESKTOP-R0E149I" failures="0" tests="2" name="com.empire.qa.testcases.HomePageTest" time="25.856" errors="0" timestamp="2023-11-06T10:05:59 IST" skipped="0">
  <testcase classname="com.empire.qa.testcases.HomePageTest" name="VerifyEhomepageTitleTest" time="12.089"/>
  <testcase classname="com.empire.qa.testcases.HomePageTest" name="VerifyhomepageTest" time="13.767"/>
</testsuite> <!-- com.empire.qa.testcases.HomePageTest -->
