<?xml version="1.0" encoding="UTF-8"?>
<!-- Generated by org.testng.reporters.JUnitReportReporter -->
<testsuite hostname="DESKTOP-R0E149I" failures="0" tests="3" name="com.empire.qa.testcases.LoginpageTest" time="12.020" errors="0" timestamp="2023-11-06T10:05:59 IST" skipped="0">
  <testcase classname="com.empire.qa.testcases.LoginpageTest" name="verifyLoginpageTest" time="5.498"/>
  <testcase classname="com.empire.qa.testcases.LoginpageTest" name="verifyEhomeimageTest" time="3.280"/>
  <testcase classname="com.empire.qa.testcases.LoginpageTest" name="verifyEhomeTitletest" time="3.242"/>
</testsuite> <!-- com.empire.qa.testcases.LoginpageTest -->
